miniconda3 module
Computing clause statistics for relation attackembassy, 38 clauses
Computing clause statistics for relation aidenemy, 184 clauses
Computing clause statistics for relation lostterritory, 129 clauses
Pos ex 2 neg ex 0
Pos ex 2 neg ex 0
Pos ex 1 neg ex 0
Computing clause statistics for relation dependent, 428 clauses
Computing clause statistics for relation expeldiplomats, 363 clauses
Pos ex 5 neg ex 0
Pos ex 4 neg ex 0
Computing clause statistics for relation severdiplomatic, 122 clauses
Pos ex 2 neg ex 0
Computing clause statistics for relation militaryactions, 453 clauses
Pos ex 6 neg ex 0
Computing clause statistics for relation unoffialacts, 312 clauses
Computing clause statistics for relation duration, 570 clauses
Pos ex 7 neg ex 0
Pos ex 4 neg ex 0
Computing clause statistics for relation warning, 235 clauses
Pos ex 3 neg ex 0
Computing clause statistics for relation relemigrants, 498 clauses
Pos ex 5 neg ex 0
Computing clause statistics for relation violentactions, 469 clauses
Pos ex 6 neg ex 0
Computing clause statistics for relation emigrants3, 667 clauses
Pos ex 7 neg ex 0
Computing clause statistics for relation economicaid, 914 clauses
Pos ex 10 neg ex 0
Computing clause statistics for relation boycottembargo, 751 clauses
Pos ex 8 neg ex 0
Computing clause statistics for relation eemigrants, 772 clauses
Computing clause statistics for relation exportbooks, 1149 clauses
Pos ex 9 neg ex 0
Pos ex 12 neg ex 0
Computing clause statistics for relation relexportbooks, 1170 clauses
Pos ex 12 neg ex 0
Computing clause statistics for relation releconomicaid, 1043 clauses
Computing clause statistics for relation students, 1081 clauses
Pos ex 11 neg ex 0
Computing clause statistics for relation nonviolentbehavior, 1232 clauses
Pos ex 12 neg ex 0
Pos ex 14 neg ex 0
Computing clause statistics for relation relstudents, 1021 clauses
Pos ex 11 neg ex 0
Computing clause statistics for relation tourism3, 1165 clauses
Pos ex 12 neg ex 0
Computing clause statistics for relation relbooktranslations, 1855 clauses
Pos ex 22 neg ex 0
Computing clause statistics for relation exports3, 2155 clauses
Pos ex 28 neg ex 0
Computing clause statistics for relation militaryalliance, 1449 clauses
Computing clause statistics for relation officialvisits, 1979 clauses
Pos ex 16 neg ex 0
Pos ex 23 neg ex 0
Computing clause statistics for relation pprotests, 1590 clauses
Pos ex 17 neg ex 0
Computing clause statistics for relation negativecomm, 1261 clauses
Pos ex 14 neg ex 0
Computing clause statistics for relation reltourism, 1549 clauses
Pos ex 17 neg ex 0
Computing clause statistics for relation tourism, 1850 clauses
Pos ex 21 neg ex 0
Computing clause statistics for relation commonbloc0, 2249 clauses
Computing clause statistics for relation booktranslations, 2165 clauses
Pos ex 27 neg ex 0
Computing clause statistics for relation negativebehavior, 2495 clauses
Computing clause statistics for relation accusation, 1619 clauses
Pos ex 26 neg ex 0
Pos ex 19 neg ex 0
Pos ex 29 neg ex 0
Computing clause statistics for relation timesincewar, 1508 clauses
Pos ex 18 neg ex 0
Computing clause statistics for relation commonbloc2, 3031 clauses
Pos ex 45 neg ex 0
Computing clause statistics for relation blockpositionindex, 3345 clauses
Pos ex 47 neg ex 0
Computing clause statistics for relation treaties, 3278 clauses
Pos ex 44 neg ex 0
Computing clause statistics for relation intergovorgs, 4217 clauses
Pos ex 67 neg ex 0
Computing clause statistics for relation weightedunvote, 3627 clauses
Pos ex 52 neg ex 0
Computing clause statistics for relation independence, 4028 clauses
Computing clause statistics for relation unweightedunvote, 2786 clauses
Computing clause statistics for relation reltreaties, 2732 clauses
Computing clause statistics for relation conferences, 3776 clauses
Pos ex 38 neg ex 0
Computing clause statistics for relation intergovorgs3, 4352 clauses
Pos ex 64 neg ex 0
Pos ex 38 neg ex 0
Pos ex 58 neg ex 0
Pos ex 72 neg ex 0
Computing clause statistics for relation ngo, 3861 clauses
Pos ex 58 neg ex 0
Computing clause statistics for relation relngo, 4405 clauses
Pos ex 78 neg ex 0
Computing clause statistics for relation commonbloc1, 4508 clauses
Computing clause statistics for relation ngoorgs3, 4050 clauses
Pos ex 80 neg ex 0
Pos ex 67 neg ex 0
Computing clause statistics for relation reldiplomacy, 3773 clauses
Pos ex 66 neg ex 0
Computing clause statistics for relation timesinceally, 4359 clauses
Pos ex 70 neg ex 0
Computing clause statistics for relation relintergovorgs, 4250 clauses
Pos ex 74 neg ex 0
Computing clause statistics for relation relexports, 2546 clauses
Pos ex 32 neg ex 0
Computing clause statistics for relation embassy, 5382 clauses
Pos ex 100 neg ex 0
