	Command being timed: "/hpc/home/mbasile/bin/swipl --stack-limit=100g compute_par.pl"
	User time (seconds): 7.51
	System time (seconds): 1.20
	Percent of CPU this job got: 63%
	Elapsed (wall clock) time (h:mm:ss or m:ss): 0:13.75
	Average shared text size (kbytes): 0
	Average unshared data size (kbytes): 0
	Average stack size (kbytes): 0
	Average total size (kbytes): 0
	Maximum resident set size (kbytes): 1477332
	Average resident set size (kbytes): 0
	Major (requiring I/O) page faults: 4110
	Minor (reclaiming a frame) page faults: 131369
	Voluntary context switches: 9683
	Involuntary context switches: 112
	Swaps: 0
	File system inputs: 32848
	File system outputs: 19280
	Socket messages sent: 0
	Socket messages received: 0
	Signals delivered: 0
	Page size (bytes): 4096
	Exit status: 0
