	Command being timed: "/hpc/home/mbasile/bin/swipl --stack-limit=450g compute_stats.pl"
	User time (seconds): 19.83
	System time (seconds): 0.50
	Percent of CPU this job got: 284%
	Elapsed (wall clock) time (h:mm:ss or m:ss): 0:07.15
	Average shared text size (kbytes): 0
	Average unshared data size (kbytes): 0
	Average stack size (kbytes): 0
	Average total size (kbytes): 0
	Maximum resident set size (kbytes): 580864
	Average resident set size (kbytes): 0
	Major (requiring I/O) page faults: 0
	Minor (reclaiming a frame) page faults: 210297
	Voluntary context switches: 15476
	Involuntary context switches: 118
	Swaps: 0
	File system inputs: 0
	File system outputs: 21024
	Socket messages sent: 0
	Socket messages received: 0
	Signals delivered: 0
	Page size (bytes): 4096
	Exit status: 0
