ERROR: /hpc/home/rzf/tirocinio_basile/nell/compute_par.pl:12: user:main: false
Command exited with non-zero status 1
	Command being timed: "/hpc/home/rzf/bin/swipl --stack-limit=450g compute_par.pl"
	User time (seconds): 37.47
	System time (seconds): 1.78
	Percent of CPU this job got: 86%
	Elapsed (wall clock) time (h:mm:ss or m:ss): 0:45.60
	Average shared text size (kbytes): 0
	Average unshared data size (kbytes): 0
	Average stack size (kbytes): 0
	Average total size (kbytes): 0
	Maximum resident set size (kbytes): 6289024
	Average resident set size (kbytes): 0
	Major (requiring I/O) page faults: 4570
	Minor (reclaiming a frame) page faults: 196855
	Voluntary context switches: 10040
	Involuntary context switches: 187
	Swaps: 0
	File system inputs: 0
	File system outputs: 1696
	Socket messages sent: 0
	Socket messages received: 0
	Signals delivered: 0
	Page size (bytes): 4096
	Exit status: 1
