	Command being timed: "/hpc/home/mbasile/bin/swipl --stack-limit=450g compute_stats.pl"
	User time (seconds): 535.17
	System time (seconds): 6.51
	Percent of CPU this job got: 243%
	Elapsed (wall clock) time (h:mm:ss or m:ss): 3:42.33
	Average shared text size (kbytes): 0
	Average unshared data size (kbytes): 0
	Average stack size (kbytes): 0
	Average total size (kbytes): 0
	Maximum resident set size (kbytes): 6081264
	Average resident set size (kbytes): 0
	Major (requiring I/O) page faults: 1
	Minor (reclaiming a frame) page faults: 1138715
	Voluntary context switches: 569640
	Involuntary context switches: 7029
	Swaps: 0
	File system inputs: 0
	File system outputs: 347552
	Socket messages sent: 0
	Socket messages received: 0
	Signals delivered: 0
	Page size (bytes): 4096
	Exit status: 0
