ERROR: /hpc/home/mbasile/tirocinio_basile2/fbk237/compute_par.pl:12: user:main: false
Command exited with non-zero status 1
	Command being timed: "/hpc/home/mbasile/bin/swipl --stack-limit=450g compute_par.pl"
	User time (seconds): 31.14
	System time (seconds): 0.83
	Percent of CPU this job got: 98%
	Elapsed (wall clock) time (h:mm:ss or m:ss): 0:32.61
	Average shared text size (kbytes): 0
	Average unshared data size (kbytes): 0
	Average stack size (kbytes): 0
	Average total size (kbytes): 0
	Maximum resident set size (kbytes): 1693404
	Average resident set size (kbytes): 0
	Major (requiring I/O) page faults: 2
	Minor (reclaiming a frame) page faults: 122499
	Voluntary context switches: 4658
	Involuntary context switches: 144
	Swaps: 0
	File system inputs: 0
	File system outputs: 1192
	Socket messages sent: 0
	Socket messages received: 0
	Signals delivered: 0
	Page size (bytes): 4096
	Exit status: 1
